0 info it worked if it ends with ok
1 verbose cli [ '/usr/bin/node',
1 verbose cli   '/usr/bin/npm',
1 verbose cli   'install',
1 verbose cli   '--save-dev',
1 verbose cli   'webpack' ]
2 info using npm@3.5.2
3 info using node@v8.10.0
4 silly loadCurrentTree Starting
5 silly install loadCurrentTree
6 silly install readLocalPackageData
7 silly fetchPackageMetaData webpack
8 silly fetchNamedPackageData webpack
9 silly mapToRegistry name webpack
10 silly mapToRegistry using default registry
11 silly mapToRegistry registry https://registry.npmjs.org/
12 silly mapToRegistry uri https://registry.npmjs.org/webpack
13 verbose request uri https://registry.npmjs.org/webpack
14 verbose request no auth needed
15 info attempt registry request try #1 at 3:22:41 PM
16 verbose request id 3787c0327542dd9e
17 verbose etag W/"57eb0e1034db88fc665a5ca8a4837399"
18 verbose lastModified Mon, 25 Jul 2022 16:10:48 GMT
19 http request GET https://registry.npmjs.org/webpack
20 http 304 https://registry.npmjs.org/webpack
21 verbose headers { date: 'Fri, 29 Jul 2022 20:22:41 GMT',
21 verbose headers   connection: 'keep-alive',
21 verbose headers   'cf-ray': '7328916a0ee7d272-DFW',
21 verbose headers   age: '247',
21 verbose headers   'cache-control': 'public, max-age=300',
21 verbose headers   etag: '"57eb0e1034db88fc665a5ca8a4837399"',
21 verbose headers   'last-modified': 'Mon, 25 Jul 2022 16:10:48 GMT',
21 verbose headers   vary: 'Accept-Encoding',
21 verbose headers   'cf-cache-status': 'HIT',
21 verbose headers   'expect-ct': 'max-age=604800, report-uri="https://report-uri.cloudflare.com/cdn-cgi/beacon/expect-ct"',
21 verbose headers   'x-amz-replication-status': 'PENDING',
21 verbose headers   server: 'cloudflare' }
22 silly get cb [ 304,
22 silly get   { date: 'Fri, 29 Jul 2022 20:22:41 GMT',
22 silly get     connection: 'keep-alive',
22 silly get     'cf-ray': '7328916a0ee7d272-DFW',
22 silly get     age: '247',
22 silly get     'cache-control': 'public, max-age=300',
22 silly get     etag: '"57eb0e1034db88fc665a5ca8a4837399"',
22 silly get     'last-modified': 'Mon, 25 Jul 2022 16:10:48 GMT',
22 silly get     vary: 'Accept-Encoding',
22 silly get     'cf-cache-status': 'HIT',
22 silly get     'expect-ct': 'max-age=604800, report-uri="https://report-uri.cloudflare.com/cdn-cgi/beacon/expect-ct"',
22 silly get     'x-amz-replication-status': 'PENDING',
22 silly get     server: 'cloudflare' } ]
23 verbose etag https://registry.npmjs.org/webpack from cache
24 verbose get saving webpack to /home/unixuser/.npm/registry.npmjs.org/webpack/.cache.json
25 silly install normalizeTree
26 silly loadCurrentTree Finishing
27 silly loadIdealTree Starting
28 silly install loadIdealTree
29 silly cloneCurrentTree Starting
30 silly install cloneCurrentTreeToIdealTree
31 silly cloneCurrentTree Finishing
32 silly loadShrinkwrap Starting
33 silly install loadShrinkwrap
34 silly loadShrinkwrap Finishing
35 silly loadAllDepsIntoIdealTree Starting
36 silly install loadAllDepsIntoIdealTree
37 silly resolveWithNewModule webpack@5.74.0 checking installable status
38 silly cache add args [ 'webpack', null ]
39 verbose cache add spec webpack
40 silly cache add parsed spec Result {
40 silly cache add   raw: 'webpack',
40 silly cache add   scope: null,
40 silly cache add   name: 'webpack',
40 silly cache add   rawSpec: '',
40 silly cache add   spec: 'latest',
40 silly cache add   type: 'tag' }
41 silly addNamed webpack@latest
42 verbose addNamed "latest" is being treated as a dist-tag for webpack
43 info addNameTag [ 'webpack', 'latest' ]
44 silly mapToRegistry name webpack
45 silly mapToRegistry using default registry
46 silly mapToRegistry registry https://registry.npmjs.org/
47 silly mapToRegistry uri https://registry.npmjs.org/webpack
48 verbose addNameTag registry:https://registry.npmjs.org/webpack not in flight; fetching
49 verbose get https://registry.npmjs.org/webpack not expired, no request
50 silly addNameTag next cb for webpack with tag latest
51 silly addNamed webpack@5.74.0
52 verbose addNamed "5.74.0" is a plain semver version for webpack
53 silly cache afterAdd webpack@5.74.0
54 verbose afterAdd /home/unixuser/.npm/webpack/5.74.0/package/package.json not in flight; writing
55 verbose afterAdd /home/unixuser/.npm/webpack/5.74.0/package/package.json written
56 silly fetchNamedPackageData @types/eslint-scope
57 silly mapToRegistry name @types/eslint-scope
58 silly mapToRegistry scope (from package name) @types
59 verbose mapToRegistry no registry URL found in name for scope @types
60 silly mapToRegistry using default registry
61 silly mapToRegistry registry https://registry.npmjs.org/
62 silly mapToRegistry uri https://registry.npmjs.org/@types%2feslint-scope
63 silly fetchNamedPackageData @types/estree
64 silly mapToRegistry name @types/estree
65 silly mapToRegistry scope (from package name) @types
66 verbose mapToRegistry no registry URL found in name for scope @types
67 silly mapToRegistry using default registry
68 silly mapToRegistry registry https://registry.npmjs.org/
69 silly mapToRegistry uri https://registry.npmjs.org/@types%2festree
70 silly fetchNamedPackageData @webassemblyjs/ast
71 silly mapToRegistry name @webassemblyjs/ast
72 silly mapToRegistry scope (from package name) @webassemblyjs
73 verbose mapToRegistry no registry URL found in name for scope @webassemblyjs
74 silly mapToRegistry using default registry
75 silly mapToRegistry registry https://registry.npmjs.org/
76 silly mapToRegistry uri https://registry.npmjs.org/@webassemblyjs%2fast
77 silly fetchNamedPackageData @webassemblyjs/wasm-edit
78 silly mapToRegistry name @webassemblyjs/wasm-edit
79 silly mapToRegistry scope (from package name) @webassemblyjs
80 verbose mapToRegistry no registry URL found in name for scope @webassemblyjs
81 silly mapToRegistry using default registry
82 silly mapToRegistry registry https://registry.npmjs.org/
83 silly mapToRegistry uri https://registry.npmjs.org/@webassemblyjs%2fwasm-edit
84 silly fetchNamedPackageData @webassemblyjs/wasm-parser
85 silly mapToRegistry name @webassemblyjs/wasm-parser
86 silly mapToRegistry scope (from package name) @webassemblyjs
87 verbose mapToRegistry no registry URL found in name for scope @webassemblyjs
88 silly mapToRegistry using default registry
89 silly mapToRegistry registry https://registry.npmjs.org/
90 silly mapToRegistry uri https://registry.npmjs.org/@webassemblyjs%2fwasm-parser
91 silly fetchNamedPackageData acorn
92 silly mapToRegistry name acorn
93 silly mapToRegistry using default registry
94 silly mapToRegistry registry https://registry.npmjs.org/
95 silly mapToRegistry uri https://registry.npmjs.org/acorn
96 silly fetchNamedPackageData acorn-import-assertions
97 silly mapToRegistry name acorn-import-assertions
98 silly mapToRegistry using default registry
99 silly mapToRegistry registry https://registry.npmjs.org/
100 silly mapToRegistry uri https://registry.npmjs.org/acorn-import-assertions
101 silly fetchNamedPackageData browserslist
102 silly mapToRegistry name browserslist
103 silly mapToRegistry using default registry
104 silly mapToRegistry registry https://registry.npmjs.org/
105 silly mapToRegistry uri https://registry.npmjs.org/browserslist
106 silly fetchNamedPackageData chrome-trace-event
107 silly mapToRegistry name chrome-trace-event
108 silly mapToRegistry using default registry
109 silly mapToRegistry registry https://registry.npmjs.org/
110 silly mapToRegistry uri https://registry.npmjs.org/chrome-trace-event
111 silly fetchNamedPackageData enhanced-resolve
112 silly mapToRegistry name enhanced-resolve
113 silly mapToRegistry using default registry
114 silly mapToRegistry registry https://registry.npmjs.org/
115 silly mapToRegistry uri https://registry.npmjs.org/enhanced-resolve
116 silly fetchNamedPackageData es-module-lexer
117 silly mapToRegistry name es-module-lexer
118 silly mapToRegistry using default registry
119 silly mapToRegistry registry https://registry.npmjs.org/
120 silly mapToRegistry uri https://registry.npmjs.org/es-module-lexer
121 silly fetchNamedPackageData eslint-scope
122 silly mapToRegistry name eslint-scope
123 silly mapToRegistry using default registry
124 silly mapToRegistry registry https://registry.npmjs.org/
125 silly mapToRegistry uri https://registry.npmjs.org/eslint-scope
126 silly fetchNamedPackageData events
127 silly mapToRegistry name events
128 silly mapToRegistry using default registry
129 silly mapToRegistry registry https://registry.npmjs.org/
130 silly mapToRegistry uri https://registry.npmjs.org/events
131 silly fetchNamedPackageData glob-to-regexp
132 silly mapToRegistry name glob-to-regexp
133 silly mapToRegistry using default registry
134 silly mapToRegistry registry https://registry.npmjs.org/
135 silly mapToRegistry uri https://registry.npmjs.org/glob-to-regexp
136 silly fetchNamedPackageData graceful-fs
137 silly mapToRegistry name graceful-fs
138 silly mapToRegistry using default registry
139 silly mapToRegistry registry https://registry.npmjs.org/
140 silly mapToRegistry uri https://registry.npmjs.org/graceful-fs
141 silly fetchNamedPackageData json-parse-even-better-errors
142 silly mapToRegistry name json-parse-even-better-errors
143 silly mapToRegistry using default registry
144 silly mapToRegistry registry https://registry.npmjs.org/
145 silly mapToRegistry uri https://registry.npmjs.org/json-parse-even-better-errors
146 silly fetchNamedPackageData loader-runner
147 silly mapToRegistry name loader-runner
148 silly mapToRegistry using default registry
149 silly mapToRegistry registry https://registry.npmjs.org/
150 silly mapToRegistry uri https://registry.npmjs.org/loader-runner
151 silly fetchNamedPackageData mime-types
152 silly mapToRegistry name mime-types
153 silly mapToRegistry using default registry
154 silly mapToRegistry registry https://registry.npmjs.org/
155 silly mapToRegistry uri https://registry.npmjs.org/mime-types
156 silly fetchNamedPackageData neo-async
157 silly mapToRegistry name neo-async
158 silly mapToRegistry using default registry
159 silly mapToRegistry registry https://registry.npmjs.org/
160 silly mapToRegistry uri https://registry.npmjs.org/neo-async
161 silly fetchNamedPackageData schema-utils
162 silly mapToRegistry name schema-utils
163 silly mapToRegistry using default registry
164 silly mapToRegistry registry https://registry.npmjs.org/
165 silly mapToRegistry uri https://registry.npmjs.org/schema-utils
166 silly fetchNamedPackageData tapable
167 silly mapToRegistry name tapable
168 silly mapToRegistry using default registry
169 silly mapToRegistry registry https://registry.npmjs.org/
170 silly mapToRegistry uri https://registry.npmjs.org/tapable
171 silly fetchNamedPackageData terser-webpack-plugin
172 silly mapToRegistry name terser-webpack-plugin
173 silly mapToRegistry using default registry
174 silly mapToRegistry registry https://registry.npmjs.org/
175 silly mapToRegistry uri https://registry.npmjs.org/terser-webpack-plugin
176 silly fetchNamedPackageData watchpack
177 silly mapToRegistry name watchpack
178 silly mapToRegistry using default registry
179 silly mapToRegistry registry https://registry.npmjs.org/
180 silly mapToRegistry uri https://registry.npmjs.org/watchpack
181 silly fetchNamedPackageData webpack-sources
182 silly mapToRegistry name webpack-sources
183 silly mapToRegistry using default registry
184 silly mapToRegistry registry https://registry.npmjs.org/
185 silly mapToRegistry uri https://registry.npmjs.org/webpack-sources
186 verbose request uri https://registry.npmjs.org/@types%2feslint-scope
187 verbose request no auth needed
188 info attempt registry request try #1 at 3:22:42 PM
189 verbose etag W/"5fd017fe41ea416a2a118d66409d362b"
190 verbose lastModified Thu, 30 Jun 2022 19:02:58 GMT
191 http request GET https://registry.npmjs.org/@types%2feslint-scope
192 verbose request uri https://registry.npmjs.org/@types%2festree
193 verbose request no auth needed
194 info attempt registry request try #1 at 3:22:42 PM
195 verbose etag W/"2d20e66b5321460d0fef0b5125224fcb"
196 verbose lastModified Tue, 12 Jul 2022 20:32:30 GMT
197 http request GET https://registry.npmjs.org/@types%2festree
198 verbose request uri https://registry.npmjs.org/@webassemblyjs%2fast
199 verbose request no auth needed
200 info attempt registry request try #1 at 3:22:42 PM
201 verbose etag W/"eb8d5825f57ea19ace0bf2214232eaf5"
202 verbose lastModified Sat, 02 Jul 2022 11:52:55 GMT
203 http request GET https://registry.npmjs.org/@webassemblyjs%2fast
204 verbose request uri https://registry.npmjs.org/@webassemblyjs%2fwasm-edit
205 verbose request no auth needed
206 info attempt registry request try #1 at 3:22:42 PM
207 verbose etag W/"3f9e2228d1a6611afce7f7ccd77251c9"
208 verbose lastModified Sat, 02 Jul 2022 11:53:01 GMT
209 http request GET https://registry.npmjs.org/@webassemblyjs%2fwasm-edit
210 verbose request uri https://registry.npmjs.org/@webassemblyjs%2fwasm-parser
211 verbose request no auth needed
212 info attempt registry request try #1 at 3:22:42 PM
213 verbose etag W/"cfb02cd15adfb5ee9e4a5d7e69dab7fe"
214 verbose lastModified Sat, 02 Jul 2022 11:52:57 GMT
215 http request GET https://registry.npmjs.org/@webassemblyjs%2fwasm-parser
216 verbose request uri https://registry.npmjs.org/acorn-import-assertions
217 verbose request no auth needed
218 info attempt registry request try #1 at 3:22:42 PM
219 verbose etag W/"488f5987cbf781d8e8d8ae3ac9ec3afd"
220 verbose lastModified Mon, 11 Apr 2022 12:32:49 GMT
221 http request GET https://registry.npmjs.org/acorn-import-assertions
222 verbose request uri https://registry.npmjs.org/acorn
223 verbose request no auth needed
224 info attempt registry request try #1 at 3:22:42 PM
225 verbose etag W/"f55d7b4c7d2394148ead964d973f5c20"
226 verbose lastModified Thu, 21 Jul 2022 09:37:42 GMT
227 http request GET https://registry.npmjs.org/acorn
228 verbose request uri https://registry.npmjs.org/chrome-trace-event
229 verbose request no auth needed
230 info attempt registry request try #1 at 3:22:42 PM
231 verbose etag W/"30fca2379a184914df65c95de2377093"
232 verbose lastModified Mon, 13 Jun 2022 06:00:41 GMT
233 http request GET https://registry.npmjs.org/chrome-trace-event
234 verbose request uri https://registry.npmjs.org/browserslist
235 verbose request no auth needed
236 info attempt registry request try #1 at 3:22:42 PM
237 verbose etag W/"38a5fc9886a3a09b5fcbf752c751acc4"
238 verbose lastModified Wed, 27 Jul 2022 09:22:45 GMT
239 http request GET https://registry.npmjs.org/browserslist
240 verbose request uri https://registry.npmjs.org/enhanced-resolve
241 verbose request no auth needed
242 info attempt registry request try #1 at 3:22:42 PM
243 verbose etag W/"e5247ca13b657752073082f98a2388b1"
244 verbose lastModified Tue, 28 Jun 2022 10:25:45 GMT
245 http request GET https://registry.npmjs.org/enhanced-resolve
246 verbose request uri https://registry.npmjs.org/eslint-scope
247 verbose request no auth needed
248 info attempt registry request try #1 at 3:22:42 PM
249 verbose etag W/"f630448fdb6e268afa9ea6373708c880"
250 verbose lastModified Fri, 17 Jun 2022 20:46:00 GMT
251 http request GET https://registry.npmjs.org/eslint-scope
252 verbose request uri https://registry.npmjs.org/events
253 verbose request no auth needed
254 info attempt registry request try #1 at 3:22:42 PM
255 verbose etag W/"aeb469fa1f07ec43af22c7acd5f4c5da"
256 verbose lastModified Fri, 17 Jun 2022 21:35:42 GMT
257 http request GET https://registry.npmjs.org/events
258 verbose request uri https://registry.npmjs.org/glob-to-regexp
259 verbose request no auth needed
260 info attempt registry request try #1 at 3:22:42 PM
261 verbose etag W/"17ba3a99c72274a1e9038c219ebfbadc"
262 verbose lastModified Sat, 18 Jun 2022 12:54:54 GMT
263 http request GET https://registry.npmjs.org/glob-to-regexp
264 verbose request uri https://registry.npmjs.org/json-parse-even-better-errors
265 verbose request no auth needed
266 info attempt registry request try #1 at 3:22:42 PM
267 verbose etag W/"df0e6d7f15488e629eb77880d4341379"
268 verbose lastModified Tue, 14 Jun 2022 04:47:41 GMT
269 http request GET https://registry.npmjs.org/json-parse-even-better-errors
270 verbose request uri https://registry.npmjs.org/loader-runner
271 verbose request no auth needed
272 info attempt registry request try #1 at 3:22:42 PM
273 verbose etag W/"88e8e41f3bf4fe7198a339db906aa555"
274 verbose lastModified Sun, 19 Jun 2022 13:13:56 GMT
275 http request GET https://registry.npmjs.org/loader-runner
276 verbose request uri https://registry.npmjs.org/graceful-fs
277 verbose request no auth needed
278 info attempt registry request try #1 at 3:22:42 PM
279 verbose etag W/"85798e5e41077e4112ff35d162cc44f0"
280 verbose lastModified Sat, 18 Jun 2022 13:45:37 GMT
281 http request GET https://registry.npmjs.org/graceful-fs
282 verbose request uri https://registry.npmjs.org/mime-types
283 verbose request no auth needed
284 info attempt registry request try #1 at 3:22:42 PM
285 verbose etag W/"9fad4da85338764c529a1b10c035597d"
286 verbose lastModified Sun, 19 Jun 2022 19:56:02 GMT
287 http request GET https://registry.npmjs.org/mime-types
288 verbose request uri https://registry.npmjs.org/neo-async
289 verbose request no auth needed
290 info attempt registry request try #1 at 3:22:42 PM
291 verbose etag W/"2a5967f2a59479e15b7ca088222b4c3b"
292 verbose lastModified Tue, 21 Jun 2022 00:04:11 GMT
293 http request GET https://registry.npmjs.org/neo-async
294 verbose request uri https://registry.npmjs.org/schema-utils
295 verbose request no auth needed
296 info attempt registry request try #1 at 3:22:42 PM
297 verbose etag W/"219077198e9fb1c646f8755b98cc255a"
298 verbose lastModified Sun, 26 Jun 2022 16:31:16 GMT
299 http request GET https://registry.npmjs.org/schema-utils
300 verbose request uri https://registry.npmjs.org/tapable
301 verbose request no auth needed
302 info attempt registry request try #1 at 3:22:42 PM
303 verbose etag W/"5a28bababd1ae305f77733c10a899da2"
304 verbose lastModified Mon, 27 Jun 2022 03:51:11 GMT
305 http request GET https://registry.npmjs.org/tapable
306 verbose request uri https://registry.npmjs.org/terser-webpack-plugin
307 verbose request no auth needed
308 info attempt registry request try #1 at 3:22:42 PM
309 verbose etag W/"39a8d65453b0a0646b6acf2481541f04"
310 verbose lastModified Thu, 02 Jun 2022 01:40:14 GMT
311 http request GET https://registry.npmjs.org/terser-webpack-plugin
312 verbose request uri https://registry.npmjs.org/webpack-sources
313 verbose request no auth needed
314 info attempt registry request try #1 at 3:22:42 PM
315 verbose etag W/"10a114145c1682511d275fdacd0f3b4a"
316 verbose lastModified Wed, 29 Jun 2022 00:08:56 GMT
317 http request GET https://registry.npmjs.org/webpack-sources
318 verbose request uri https://registry.npmjs.org/es-module-lexer
319 verbose request no auth needed
320 info attempt registry request try #1 at 3:22:42 PM
321 verbose etag W/"715ea5bb62466c3ce1bc2a31306c24c6"
322 verbose lastModified Thu, 28 Jul 2022 01:49:58 GMT
323 http request GET https://registry.npmjs.org/es-module-lexer
324 verbose request uri https://registry.npmjs.org/watchpack
325 verbose request no auth needed
326 info attempt registry request try #1 at 3:22:42 PM
327 verbose etag W/"e4a829c224c5370995b9143411e28c1a"
328 verbose lastModified Tue, 28 Jun 2022 22:02:42 GMT
329 http request GET https://registry.npmjs.org/watchpack
330 http 304 https://registry.npmjs.org/@types%2feslint-scope
331 verbose headers { date: 'Fri, 29 Jul 2022 20:22:42 GMT',
331 verbose headers   connection: 'keep-alive',
331 verbose headers   'cf-ray': '732891710e1ad272-DFW',
331 verbose headers   age: '84',
331 verbose headers   'cache-control': 'public, max-age=300',
331 verbose headers   etag: '"5fd017fe41ea416a2a118d66409d362b"',
331 verbose headers   'last-modified': 'Thu, 30 Jun 2022 19:02:58 GMT',
331 verbose headers   vary: 'Accept-Encoding',
331 verbose headers   'cf-cache-status': 'HIT',
331 verbose headers   'expect-ct': 'max-age=604800, report-uri="https://report-uri.cloudflare.com/cdn-cgi/beacon/expect-ct"',
331 verbose headers   'x-amz-replication-status': 'PENDING',
331 verbose headers   server: 'cloudflare' }
332 silly get cb [ 304,
332 silly get   { date: 'Fri, 29 Jul 2022 20:22:42 GMT',
332 silly get     connection: 'keep-alive',
332 silly get     'cf-ray': '732891710e1ad272-DFW',
332 silly get     age: '84',
332 silly get     'cache-control': 'public, max-age=300',
332 silly get     etag: '"5fd017fe41ea416a2a118d66409d362b"',
332 silly get     'last-modified': 'Thu, 30 Jun 2022 19:02:58 GMT',
332 silly get     vary: 'Accept-Encoding',
332 silly get     'cf-cache-status': 'HIT',
332 silly get     'expect-ct': 'max-age=604800, report-uri="https://report-uri.cloudflare.com/cdn-cgi/beacon/expect-ct"',
332 silly get     'x-amz-replication-status': 'PENDING',
332 silly get     server: 'cloudflare' } ]
333 verbose etag https://registry.npmjs.org/@types%2feslint-scope from cache
334 verbose get saving @types/eslint-scope to /home/unixuser/.npm/registry.npmjs.org/_40types_252feslint-scope/.cache.json
335 silly resolveWithNewModule @types/eslint-scope@3.7.4 checking installable status
336 silly cache add args [ '@types/eslint-scope@^3.7.3', null ]
337 verbose cache add spec @types/eslint-scope@^3.7.3
338 silly cache add parsed spec Result {
338 silly cache add   raw: '@types/eslint-scope@^3.7.3',
338 silly cache add   scope: '@types',
338 silly cache add   name: '@types/eslint-scope',
338 silly cache add   rawSpec: '^3.7.3',
338 silly cache add   spec: '>=3.7.3 <4.0.0',
338 silly cache add   type: 'range' }
339 silly addNamed @types/eslint-scope@>=3.7.3 <4.0.0
340 verbose addNamed ">=3.7.3 <4.0.0" is a valid semver range for @types/eslint-scope
341 silly addNameRange { name: '@types/eslint-scope',
341 silly addNameRange   range: '>=3.7.3 <4.0.0',
341 silly addNameRange   hasData: false }
342 silly mapToRegistry name @types/eslint-scope
343 silly mapToRegistry scope (from package name) @types
344 verbose mapToRegistry no registry URL found in name for scope @types
345 silly mapToRegistry using default registry
346 silly mapToRegistry registry https://registry.npmjs.org/
347 silly mapToRegistry uri https://registry.npmjs.org/@types%2feslint-scope
348 verbose addNameRange registry:https://registry.npmjs.org/@types%2feslint-scope not in flight; fetching
349 verbose get https://registry.npmjs.org/@types%2feslint-scope not expired, no request
350 silly addNameRange number 2 { name: '@types/eslint-scope',
350 silly addNameRange   range: '>=3.7.3 <4.0.0',
350 silly addNameRange   hasData: true }
351 silly addNameRange versions [ '@types/eslint-scope',
351 silly addNameRange   [ '3.7.0', '3.7.1', '3.7.2', '3.7.3', '3.7.4' ] ]
352 silly addNamed @types/eslint-scope@3.7.4
353 verbose addNamed "3.7.4" is a plain semver version for @types/eslint-scope
354 silly cache afterAdd @types/eslint-scope@3.7.4
355 verbose afterAdd /home/unixuser/.npm/@types/eslint-scope/3.7.4/package/package.json not in flight; writing
356 verbose afterAdd /home/unixuser/.npm/@types/eslint-scope/3.7.4/package/package.json written
357 http 304 https://registry.npmjs.org/@types%2festree
358 verbose headers { date: 'Fri, 29 Jul 2022 20:22:42 GMT',
358 verbose headers   connection: 'keep-alive',
358 verbose headers   'cf-ray': '73289171ac5e9f10-DFW',
358 verbose headers   age: '258',
358 verbose headers   'cache-control': 'public, max-age=300',
358 verbose headers   etag: '"2d20e66b5321460d0fef0b5125224fcb"',
358 verbose headers   'last-modified': 'Tue, 12 Jul 2022 20:32:30 GMT',
358 verbose headers   vary: 'Accept-Encoding',
358 verbose headers   'cf-cache-status': 'HIT',
358 verbose headers   'expect-ct': 'max-age=604800, report-uri="https://report-uri.cloudflare.com/cdn-cgi/beacon/expect-ct"',
358 verbose headers   'x-amz-replication-status': 'PENDING',
358 verbose headers   server: 'cloudflare' }
359 silly get cb [ 304,
359 silly get   { date: 'Fri, 29 Jul 2022 20:22:42 GMT',
359 silly get     connection: 'keep-alive',
359 silly get     'cf-ray': '73289171ac5e9f10-DFW',
359 silly get     age: '258',
359 silly get     'cache-control': 'public, max-age=300',
359 silly get     etag: '"2d20e66b5321460d0fef0b5125224fcb"',
359 silly get     'last-modified': 'Tue, 12 Jul 2022 20:32:30 GMT',
359 silly get     vary: 'Accept-Encoding',
359 silly get     'cf-cache-status': 'HIT',
359 silly get     'expect-ct': 'max-age=604800, report-uri="https://report-uri.cloudflare.com/cdn-cgi/beacon/expect-ct"',
359 silly get     'x-amz-replication-status': 'PENDING',
359 silly get     server: 'cloudflare' } ]
360 verbose etag https://registry.npmjs.org/@types%2festree from cache
361 verbose get saving @types/estree to /home/unixuser/.npm/registry.npmjs.org/_40types_252festree/.cache.json
362 http 304 https://registry.npmjs.org/@webassemblyjs%2fwasm-parser
363 verbose headers { date: 'Fri, 29 Jul 2022 20:22:42 GMT',
363 verbose headers   connection: 'keep-alive',
363 verbose headers   'cf-ray': '73289171afaf0ec6-DFW',
363 verbose headers   age: '181',
363 verbose headers   'cache-control': 'public, max-age=300',
363 verbose headers   etag: '"cfb02cd15adfb5ee9e4a5d7e69dab7fe"',
363 verbose headers   'last-modified': 'Sat, 02 Jul 2022 11:52:57 GMT',
363 verbose headers   vary: 'Accept-Encoding',
363 verbose headers   'cf-cache-status': 'HIT',
363 verbose headers   'expect-ct': 'max-age=604800, report-uri="https://report-uri.cloudflare.com/cdn-cgi/beacon/expect-ct"',
363 verbose headers   'x-amz-replication-status': 'COMPLETED',
363 verbose headers   server: 'cloudflare' }
364 silly get cb [ 304,
364 silly get   { date: 'Fri, 29 Jul 2022 20:22:42 GMT',
364 silly get     connection: 'keep-alive',
364 silly get     'cf-ray': '73289171afaf0ec6-DFW',
364 silly get     age: '181',
364 silly get     'cache-control': 'public, max-age=300',
364 silly get     etag: '"cfb02cd15adfb5ee9e4a5d7e69dab7fe"',
364 silly get     'last-modified': 'Sat, 02 Jul 2022 11:52:57 GMT',
364 silly get     vary: 'Accept-Encoding',
364 silly get     'cf-cache-status': 'HIT',
364 silly get     'expect-ct': 'max-age=604800, report-uri="https://report-uri.cloudflare.com/cdn-cgi/beacon/expect-ct"',
364 silly get     'x-amz-replication-status': 'COMPLETED',
364 silly get     server: 'cloudflare' } ]
365 verbose etag https://registry.npmjs.org/@webassemblyjs%2fwasm-parser from cache
366 verbose get saving @webassemblyjs/wasm-parser to /home/unixuser/.npm/registry.npmjs.org/_40webassemblyjs_252fwasm-parser/.cache.json
367 http 304 https://registry.npmjs.org/loader-runner
368 verbose headers { date: 'Fri, 29 Jul 2022 20:22:42 GMT',
368 verbose headers   connection: 'keep-alive',
368 verbose headers   'cf-ray': '73289171db40a9fd-DFW',
368 verbose headers   age: '231',
368 verbose headers   'cache-control': 'public, max-age=300',
368 verbose headers   etag: '"88e8e41f3bf4fe7198a339db906aa555"',
368 verbose headers   'last-modified': 'Sun, 19 Jun 2022 13:13:56 GMT',
368 verbose headers   vary: 'Accept-Encoding',
368 verbose headers   'cf-cache-status': 'HIT',
368 verbose headers   'expect-ct': 'max-age=604800, report-uri="https://report-uri.cloudflare.com/cdn-cgi/beacon/expect-ct"',
368 verbose headers   'x-amz-replication-status': 'PENDING',
368 verbose headers   server: 'cloudflare' }
369 silly get cb [ 304,
369 silly get   { date: 'Fri, 29 Jul 2022 20:22:42 GMT',
369 silly get     connection: 'keep-alive',
369 silly get     'cf-ray': '73289171db40a9fd-DFW',
369 silly get     age: '231',
369 silly get     'cache-control': 'public, max-age=300',
369 silly get     etag: '"88e8e41f3bf4fe7198a339db906aa555"',
369 silly get     'last-modified': 'Sun, 19 Jun 2022 13:13:56 GMT',
369 silly get     vary: 'Accept-Encoding',
369 silly get     'cf-cache-status': 'HIT',
369 silly get     'expect-ct': 'max-age=604800, report-uri="https://report-uri.cloudflare.com/cdn-cgi/beacon/expect-ct"',
369 silly get     'x-amz-replication-status': 'PENDING',
369 silly get     server: 'cloudflare' } ]
370 verbose etag https://registry.npmjs.org/loader-runner from cache
371 verbose get saving loader-runner to /home/unixuser/.npm/registry.npmjs.org/loader-runner/.cache.json
372 silly resolveWithNewModule @types/estree@0.0.51 checking installable status
373 silly cache add args [ '@types/estree@^0.0.51', null ]
374 verbose cache add spec @types/estree@^0.0.51
375 silly cache add parsed spec Result {
375 silly cache add   raw: '@types/estree@^0.0.51',
375 silly cache add   scope: '@types',
375 silly cache add   name: '@types/estree',
375 silly cache add   rawSpec: '^0.0.51',
375 silly cache add   spec: '>=0.0.51 <0.0.52',
375 silly cache add   type: 'range' }
376 silly addNamed @types/estree@>=0.0.51 <0.0.52
377 verbose addNamed ">=0.0.51 <0.0.52" is a valid semver range for @types/estree
378 silly addNameRange { name: '@types/estree',
378 silly addNameRange   range: '>=0.0.51 <0.0.52',
378 silly addNameRange   hasData: false }
379 silly mapToRegistry name @types/estree
380 silly mapToRegistry scope (from package name) @types
381 verbose mapToRegistry no registry URL found in name for scope @types
382 silly mapToRegistry using default registry
383 silly mapToRegistry registry https://registry.npmjs.org/
384 silly mapToRegistry uri https://registry.npmjs.org/@types%2festree
385 verbose addNameRange registry:https://registry.npmjs.org/@types%2festree not in flight; fetching
386 http 304 https://registry.npmjs.org/enhanced-resolve
387 verbose headers { date: 'Fri, 29 Jul 2022 20:22:42 GMT',
387 verbose headers   connection: 'keep-alive',
387 verbose headers   'cf-ray': '73289171ddfc9404-DFW',
387 verbose headers   age: '143',
387 verbose headers   'cache-control': 'public, max-age=300',
387 verbose headers   etag: '"e5247ca13b657752073082f98a2388b1"',
387 verbose headers   'last-modified': 'Tue, 28 Jun 2022 10:25:45 GMT',
387 verbose headers   vary: 'Accept-Encoding',
387 verbose headers   'cf-cache-status': 'HIT',
387 verbose headers   'expect-ct': 'max-age=604800, report-uri="https://report-uri.cloudflare.com/cdn-cgi/beacon/expect-ct"',
387 verbose headers   'x-amz-replication-status': 'COMPLETED',
387 verbose headers   server: 'cloudflare' }
388 silly get cb [ 304,
388 silly get   { date: 'Fri, 29 Jul 2022 20:22:42 GMT',
388 silly get     connection: 'keep-alive',
388 silly get     'cf-ray': '73289171ddfc9404-DFW',
388 silly get     age: '143',
388 silly get     'cache-control': 'public, max-age=300',
388 silly get     etag: '"e5247ca13b657752073082f98a2388b1"',
388 silly get     'last-modified': 'Tue, 28 Jun 2022 10:25:45 GMT',
388 silly get     vary: 'Accept-Encoding',
388 silly get     'cf-cache-status': 'HIT',
388 silly get     'expect-ct': 'max-age=604800, report-uri="https://report-uri.cloudflare.com/cdn-cgi/beacon/expect-ct"',
388 silly get     'x-amz-replication-status': 'COMPLETED',
388 silly get     server: 'cloudflare' } ]
389 verbose etag https://registry.npmjs.org/enhanced-resolve from cache
390 verbose get saving enhanced-resolve to /home/unixuser/.npm/registry.npmjs.org/enhanced-resolve/.cache.json
391 http 304 https://registry.npmjs.org/terser-webpack-plugin
392 verbose headers { date: 'Fri, 29 Jul 2022 20:22:42 GMT',
392 verbose headers   connection: 'keep-alive',
392 verbose headers   'cf-ray': '73289171daac9f34-DFW',
392 verbose headers   age: '280',
392 verbose headers   'cache-control': 'public, max-age=300',
392 verbose headers   etag: '"39a8d65453b0a0646b6acf2481541f04"',
392 verbose headers   'last-modified': 'Thu, 02 Jun 2022 01:40:14 GMT',
392 verbose headers   vary: 'Accept-Encoding',
392 verbose headers   'cf-cache-status': 'HIT',
392 verbose headers   'expect-ct': 'max-age=604800, report-uri="https://report-uri.cloudflare.com/cdn-cgi/beacon/expect-ct"',
392 verbose headers   'x-amz-replication-status': 'PENDING',
392 verbose headers   server: 'cloudflare' }
393 silly get cb [ 304,
393 silly get   { date: 'Fri, 29 Jul 2022 20:22:42 GMT',
393 silly get     connection: 'keep-alive',
393 silly get     'cf-ray': '73289171daac9f34-DFW',
393 silly get     age: '280',
393 silly get     'cache-control': 'public, max-age=300',
393 silly get     etag: '"39a8d65453b0a0646b6acf2481541f04"',
393 silly get     'last-modified': 'Thu, 02 Jun 2022 01:40:14 GMT',
393 silly get     vary: 'Accept-Encoding',
393 silly get     'cf-cache-status': 'HIT',
393 silly get     'expect-ct': 'max-age=604800, report-uri="https://report-uri.cloudflare.com/cdn-cgi/beacon/expect-ct"',
393 silly get     'x-amz-replication-status': 'PENDING',
393 silly get     server: 'cloudflare' } ]
394 verbose etag https://registry.npmjs.org/terser-webpack-plugin from cache
395 verbose get saving terser-webpack-plugin to /home/unixuser/.npm/registry.npmjs.org/terser-webpack-plugin/.cache.json
396 http 304 https://registry.npmjs.org/mime-types
397 verbose headers { date: 'Fri, 29 Jul 2022 20:22:42 GMT',
397 verbose headers   connection: 'keep-alive',
397 verbose headers   'cf-ray': '73289171dfc59f25-DFW',
397 verbose headers   age: '94',
397 verbose headers   'cache-control': 'public, max-age=300',
397 verbose headers   etag: '"9fad4da85338764c529a1b10c035597d"',
397 verbose headers   'last-modified': 'Sun, 19 Jun 2022 19:56:02 GMT',
397 verbose headers   vary: 'Accept-Encoding',
397 verbose headers   'cf-cache-status': 'HIT',
397 verbose headers   'expect-ct': 'max-age=604800, report-uri="https://report-uri.cloudflare.com/cdn-cgi/beacon/expect-ct"',
397 verbose headers   'x-amz-replication-status': 'PENDING',
397 verbose headers   server: 'cloudflare' }
398 silly get cb [ 304,
398 silly get   { date: 'Fri, 29 Jul 2022 20:22:42 GMT',
398 silly get     connection: 'keep-alive',
398 silly get     'cf-ray': '73289171dfc59f25-DFW',
398 silly get     age: '94',
398 silly get     'cache-control': 'public, max-age=300',
398 silly get     etag: '"9fad4da85338764c529a1b10c035597d"',
398 silly get     'last-modified': 'Sun, 19 Jun 2022 19:56:02 GMT',
398 silly get     vary: 'Accept-Encoding',
398 silly get     'cf-cache-status': 'HIT',
398 silly get     'expect-ct': 'max-age=604800, report-uri="https://report-uri.cloudflare.com/cdn-cgi/beacon/expect-ct"',
398 silly get     'x-amz-replication-status': 'PENDING',
398 silly get     server: 'cloudflare' } ]
399 verbose etag https://registry.npmjs.org/mime-types from cache
400 verbose get saving mime-types to /home/unixuser/.npm/registry.npmjs.org/mime-types/.cache.json
401 http 304 https://registry.npmjs.org/events
402 verbose headers { date: 'Fri, 29 Jul 2022 20:22:42 GMT',
402 verbose headers   connection: 'keep-alive',
402 verbose headers   'cf-ray': '73289171dc3faa7f-DFW',
402 verbose headers   age: '178',
402 verbose headers   'cache-control': 'public, max-age=300',
402 verbose headers   etag: '"aeb469fa1f07ec43af22c7acd5f4c5da"',
402 verbose headers   'last-modified': 'Fri, 17 Jun 2022 21:35:42 GMT',
402 verbose headers   vary: 'Accept-Encoding',
402 verbose headers   'cf-cache-status': 'HIT',
402 verbose headers   'expect-ct': 'max-age=604800, report-uri="https://report-uri.cloudflare.com/cdn-cgi/beacon/expect-ct"',
402 verbose headers   'x-amz-replication-status': 'COMPLETED',
402 verbose headers   server: 'cloudflare' }
403 silly get cb [ 304,
403 silly get   { date: 'Fri, 29 Jul 2022 20:22:42 GMT',
403 silly get     connection: 'keep-alive',
403 silly get     'cf-ray': '73289171dc3faa7f-DFW',
403 silly get     age: '178',
403 silly get     'cache-control': 'public, max-age=300',
403 silly get     etag: '"aeb469fa1f07ec43af22c7acd5f4c5da"',
403 silly get     'last-modified': 'Fri, 17 Jun 2022 21:35:42 GMT',
403 silly get     vary: 'Accept-Encoding',
403 silly get     'cf-cache-status': 'HIT',
403 silly get     'expect-ct': 'max-age=604800, report-uri="https://report-uri.cloudflare.com/cdn-cgi/beacon/expect-ct"',
403 silly get     'x-amz-replication-status': 'COMPLETED',
403 silly get     server: 'cloudflare' } ]
404 verbose etag https://registry.npmjs.org/events from cache
405 verbose get saving events to /home/unixuser/.npm/registry.npmjs.org/events/.cache.json
406 silly resolveWithNewModule @webassemblyjs/wasm-parser@1.11.1 checking installable status
407 silly cache add args [ '@webassemblyjs/wasm-parser@1.11.1', null ]
408 verbose cache add spec @webassemblyjs/wasm-parser@1.11.1
409 silly cache add parsed spec Result {
409 silly cache add   raw: '@webassemblyjs/wasm-parser@1.11.1',
409 silly cache add   scope: '@webassemblyjs',
409 silly cache add   name: '@webassemblyjs/wasm-parser',
409 silly cache add   rawSpec: '1.11.1',
409 silly cache add   spec: '1.11.1',
409 silly cache add   type: 'version' }
410 silly addNamed @webassemblyjs/wasm-parser@1.11.1
411 verbose addNamed "1.11.1" is a plain semver version for @webassemblyjs/wasm-parser
412 silly mapToRegistry name @webassemblyjs/wasm-parser
413 silly mapToRegistry scope (from package name) @webassemblyjs
414 verbose mapToRegistry no registry URL found in name for scope @webassemblyjs
415 silly mapToRegistry using default registry
416 silly mapToRegistry registry https://registry.npmjs.org/
417 silly mapToRegistry uri https://registry.npmjs.org/@webassemblyjs%2fwasm-parser
418 verbose addNameVersion registry:https://registry.npmjs.org/@webassemblyjs%2fwasm-parser not in flight; fetching
419 silly resolveWithNewModule loader-runner@4.3.0 checking installable status
420 silly cache add args [ 'loader-runner@^4.2.0', null ]
421 verbose cache add spec loader-runner@^4.2.0
422 silly cache add parsed spec Result {
422 silly cache add   raw: 'loader-runner@^4.2.0',
422 silly cache add   scope: null,
422 silly cache add   name: 'loader-runner',
422 silly cache add   rawSpec: '^4.2.0',
422 silly cache add   spec: '>=4.2.0 <5.0.0',
422 silly cache add   type: 'range' }
423 silly addNamed loader-runner@>=4.2.0 <5.0.0
424 verbose addNamed ">=4.2.0 <5.0.0" is a valid semver range for loader-runner
425 silly addNameRange { name: 'loader-runner',
425 silly addNameRange   range: '>=4.2.0 <5.0.0',
425 silly addNameRange   hasData: false }
426 silly mapToRegistry name loader-runner
427 silly mapToRegistry using default registry
428 silly mapToRegistry registry https://registry.npmjs.org/
429 silly mapToRegistry uri https://registry.npmjs.org/loader-runner
430 verbose addNameRange registry:https://registry.npmjs.org/loader-runner not in flight; fetching
431 http 304 https://registry.npmjs.org/acorn-import-assertions
432 verbose headers { date: 'Fri, 29 Jul 2022 20:22:42 GMT',
432 verbose headers   connection: 'keep-alive',
432 verbose headers   'cf-ray': '73289171cb58aa3d-DFW',
432 verbose headers   age: '38',
432 verbose headers   'cache-control': 'public, max-age=300',
432 verbose headers   etag: '"488f5987cbf781d8e8d8ae3ac9ec3afd"',
432 verbose headers   'last-modified': 'Mon, 11 Apr 2022 12:32:49 GMT',
432 verbose headers   vary: 'Accept-Encoding',
432 verbose headers   'cf-cache-status': 'HIT',
432 verbose headers   'expect-ct': 'max-age=604800, report-uri="https://report-uri.cloudflare.com/cdn-cgi/beacon/expect-ct"',
432 verbose headers   'x-amz-replication-status': 'COMPLETED',
432 verbose headers   server: 'cloudflare' }
433 silly get cb [ 304,
433 silly get   { date: 'Fri, 29 Jul 2022 20:22:42 GMT',
433 silly get     connection: 'keep-alive',
433 silly get     'cf-ray': '73289171cb58aa3d-DFW',
433 silly get     age: '38',
433 silly get     'cache-control': 'public, max-age=300',
433 silly get     etag: '"488f5987cbf781d8e8d8ae3ac9ec3afd"',
433 silly get     'last-modified': 'Mon, 11 Apr 2022 12:32:49 GMT',
433 silly get     vary: 'Accept-Encoding',
433 silly get     'cf-cache-status': 'HIT',
433 silly get     'expect-ct': 'max-age=604800, report-uri="https://report-uri.cloudflare.com/cdn-cgi/beacon/expect-ct"',
433 silly get     'x-amz-replication-status': 'COMPLETED',
433 silly get     server: 'cloudflare' } ]
434 verbose etag https://registry.npmjs.org/acorn-import-assertions from cache
435 verbose get saving acorn-import-assertions to /home/unixuser/.npm/registry.npmjs.org/acorn-import-assertions/.cache.json
436 http 304 https://registry.npmjs.org/neo-async
437 verbose headers { date: 'Fri, 29 Jul 2022 20:22:42 GMT',
437 verbose headers   connection: 'keep-alive',
437 verbose headers   'cf-ray': '73289171dfb10f32-DFW',
437 verbose headers   age: '273',
437 verbose headers   'cache-control': 'public, max-age=300',
437 verbose headers   etag: '"2a5967f2a59479e15b7ca088222b4c3b"',
437 verbose headers   'last-modified': 'Tue, 21 Jun 2022 00:04:11 GMT',
437 verbose headers   vary: 'Accept-Encoding',
437 verbose headers   'cf-cache-status': 'HIT',
437 verbose headers   'expect-ct': 'max-age=604800, report-uri="https://report-uri.cloudflare.com/cdn-cgi/beacon/expect-ct"',
437 verbose headers   'x-amz-replication-status': 'PENDING',
437 verbose headers   server: 'cloudflare' }
438 silly get cb [ 304,
438 silly get   { date: 'Fri, 29 Jul 2022 20:22:42 GMT',
438 silly get     connection: 'keep-alive',
438 silly get     'cf-ray': '73289171dfb10f32-DFW',
438 silly get     age: '273',
438 silly get     'cache-control': 'public, max-age=300',
438 silly get     etag: '"2a5967f2a59479e15b7ca088222b4c3b"',
438 silly get     'last-modified': 'Tue, 21 Jun 2022 00:04:11 GMT',
438 silly get     vary: 'Accept-Encoding',
438 silly get     'cf-cache-status': 'HIT',
438 silly get     'expect-ct': 'max-age=604800, report-uri="https://report-uri.cloudflare.com/cdn-cgi/beacon/expect-ct"',
438 silly get     'x-amz-replication-status': 'PENDING',
438 silly get     server: 'cloudflare' } ]
439 verbose etag https://registry.npmjs.org/neo-async from cache
440 verbose get saving neo-async to /home/unixuser/.npm/registry.npmjs.org/neo-async/.cache.json
441 http 304 https://registry.npmjs.org/@webassemblyjs%2fast
442 verbose headers { date: 'Fri, 29 Jul 2022 20:22:42 GMT',
442 verbose headers   connection: 'keep-alive',
442 verbose headers   'cf-ray': '73289171cda20c1f-DFW',
442 verbose headers   age: '139',
442 verbose headers   'cache-control': 'public, max-age=300',
442 verbose headers   etag: '"eb8d5825f57ea19ace0bf2214232eaf5"',
442 verbose headers   'last-modified': 'Sat, 02 Jul 2022 11:52:55 GMT',
442 verbose headers   vary: 'Accept-Encoding',
442 verbose headers   'cf-cache-status': 'HIT',
442 verbose headers   'expect-ct': 'max-age=604800, report-uri="https://report-uri.cloudflare.com/cdn-cgi/beacon/expect-ct"',
442 verbose headers   'x-amz-replication-status': 'COMPLETED',
442 verbose headers   server: 'cloudflare' }
443 silly get cb [ 304,
443 silly get   { date: 'Fri, 29 Jul 2022 20:22:42 GMT',
443 silly get     connection: 'keep-alive',
443 silly get     'cf-ray': '73289171cda20c1f-DFW',
443 silly get     age: '139',
443 silly get     'cache-control': 'public, max-age=300',
443 silly get     etag: '"eb8d5825f57ea19ace0bf2214232eaf5"',
443 silly get     'last-modified': 'Sat, 02 Jul 2022 11:52:55 GMT',
443 silly get     vary: 'Accept-Encoding',
443 silly get     'cf-cache-status': 'HIT',
443 silly get     'expect-ct': 'max-age=604800, report-uri="https://report-uri.cloudflare.com/cdn-cgi/beacon/expect-ct"',
443 silly get     'x-amz-replication-status': 'COMPLETED',
443 silly get     server: 'cloudflare' } ]
444 verbose etag https://registry.npmjs.org/@webassemblyjs%2fast from cache
445 verbose get saving @webassemblyjs/ast to /home/unixuser/.npm/registry.npmjs.org/_40webassemblyjs_252fast/.cache.json
446 http 304 https://registry.npmjs.org/graceful-fs
447 verbose headers { date: 'Fri, 29 Jul 2022 20:22:42 GMT',
447 verbose headers   connection: 'keep-alive',
447 verbose headers   'cf-ray': '73289171d92d66b9-DFW',
447 verbose headers   age: '183',
447 verbose headers   'cache-control': 'public, max-age=300',
447 verbose headers   etag: '"85798e5e41077e4112ff35d162cc44f0"',
447 verbose headers   'last-modified': 'Sat, 18 Jun 2022 13:45:37 GMT',
447 verbose headers   vary: 'Accept-Encoding',
447 verbose headers   'cf-cache-status': 'HIT',
447 verbose headers   'expect-ct': 'max-age=604800, report-uri="https://report-uri.cloudflare.com/cdn-cgi/beacon/expect-ct"',
447 verbose headers   'x-amz-replication-status': 'PENDING',
447 verbose headers   server: 'cloudflare' }
448 silly get cb [ 304,
448 silly get   { date: 'Fri, 29 Jul 2022 20:22:42 GMT',
448 silly get     connection: 'keep-alive',
448 silly get     'cf-ray': '73289171d92d66b9-DFW',
448 silly get     age: '183',
448 silly get     'cache-control': 'public, max-age=300',
448 silly get     etag: '"85798e5e41077e4112ff35d162cc44f0"',
448 silly get     'last-modified': 'Sat, 18 Jun 2022 13:45:37 GMT',
448 silly get     vary: 'Accept-Encoding',
448 silly get     'cf-cache-status': 'HIT',
448 silly get     'expect-ct': 'max-age=604800, report-uri="https://report-uri.cloudflare.com/cdn-cgi/beacon/expect-ct"',
448 silly get     'x-amz-replication-status': 'PENDING',
448 silly get     server: 'cloudflare' } ]
449 verbose etag https://registry.npmjs.org/graceful-fs from cache
450 verbose get saving graceful-fs to /home/unixuser/.npm/registry.npmjs.org/graceful-fs/.cache.json
451 http 304 https://registry.npmjs.org/watchpack
452 verbose headers { date: 'Fri, 29 Jul 2022 20:22:42 GMT',
452 verbose headers   connection: 'keep-alive',
452 verbose headers   'cf-ray': '73289171e8766796-DFW',
452 verbose headers   age: '72',
452 verbose headers   'cache-control': 'public, max-age=300',
452 verbose headers   etag: '"e4a829c224c5370995b9143411e28c1a"',
452 verbose headers   'last-modified': 'Tue, 28 Jun 2022 22:02:42 GMT',
452 verbose headers   vary: 'Accept-Encoding',
452 verbose headers   'cf-cache-status': 'HIT',
452 verbose headers   'expect-ct': 'max-age=604800, report-uri="https://report-uri.cloudflare.com/cdn-cgi/beacon/expect-ct"',
452 verbose headers   'x-amz-replication-status': 'PENDING',
452 verbose headers   server: 'cloudflare' }
453 silly get cb [ 304,
453 silly get   { date: 'Fri, 29 Jul 2022 20:22:42 GMT',
453 silly get     connection: 'keep-alive',
453 silly get     'cf-ray': '73289171e8766796-DFW',
453 silly get     age: '72',
453 silly get     'cache-control': 'public, max-age=300',
453 silly get     etag: '"e4a829c224c5370995b9143411e28c1a"',
453 silly get     'last-modified': 'Tue, 28 Jun 2022 22:02:42 GMT',
453 silly get     vary: 'Accept-Encoding',
453 silly get     'cf-cache-status': 'HIT',
453 silly get     'expect-ct': 'max-age=604800, report-uri="https://report-uri.cloudflare.com/cdn-cgi/beacon/expect-ct"',
453 silly get     'x-amz-replication-status': 'PENDING',
453 silly get     server: 'cloudflare' } ]
454 verbose etag https://registry.npmjs.org/watchpack from cache
455 verbose get saving watchpack to /home/unixuser/.npm/registry.npmjs.org/watchpack/.cache.json
456 http 304 https://registry.npmjs.org/chrome-trace-event
457 verbose headers { date: 'Fri, 29 Jul 2022 20:22:42 GMT',
457 verbose headers   connection: 'keep-alive',
457 verbose headers   'cf-ray': '73289171df1f9eb2-DFW',
457 verbose headers   age: '102',
457 verbose headers   'cache-control': 'public, max-age=300',
457 verbose headers   etag: '"30fca2379a184914df65c95de2377093"',
457 verbose headers   'last-modified': 'Mon, 13 Jun 2022 06:00:41 GMT',
457 verbose headers   vary: 'Accept-Encoding',
457 verbose headers   'cf-cache-status': 'HIT',
457 verbose headers   'expect-ct': 'max-age=604800, report-uri="https://report-uri.cloudflare.com/cdn-cgi/beacon/expect-ct"',
457 verbose headers   'x-amz-replication-status': 'COMPLETED',
457 verbose headers   server: 'cloudflare' }
458 silly get cb [ 304,
458 silly get   { date: 'Fri, 29 Jul 2022 20:22:42 GMT',
458 silly get     connection: 'keep-alive',
458 silly get     'cf-ray': '73289171df1f9eb2-DFW',
458 silly get     age: '102',
458 silly get     'cache-control': 'public, max-age=300',
458 silly get     etag: '"30fca2379a184914df65c95de2377093"',
458 silly get     'last-modified': 'Mon, 13 Jun 2022 06:00:41 GMT',
458 silly get     vary: 'Accept-Encoding',
458 silly get     'cf-cache-status': 'HIT',
458 silly get     'expect-ct': 'max-age=604800, report-uri="https://report-uri.cloudflare.com/cdn-cgi/beacon/expect-ct"',
458 silly get     'x-amz-replication-status': 'COMPLETED',
458 silly get     server: 'cloudflare' } ]
459 verbose etag https://registry.npmjs.org/chrome-trace-event from cache
460 verbose get saving chrome-trace-event to /home/unixuser/.npm/registry.npmjs.org/chrome-trace-event/.cache.json
461 http 304 https://registry.npmjs.org/acorn
462 verbose headers { date: 'Fri, 29 Jul 2022 20:22:42 GMT',
462 verbose headers   connection: 'keep-alive',
462 verbose headers   'cf-ray': '73289171ddf2aaa0-DFW',
462 verbose headers   age: '105',
462 verbose headers   'cache-control': 'public, max-age=300',
462 verbose headers   etag: '"f55d7b4c7d2394148ead964d973f5c20"',
462 verbose headers   'last-modified': 'Thu, 21 Jul 2022 09:37:42 GMT',
462 verbose headers   vary: 'Accept-Encoding',
462 verbose headers   'cf-cache-status': 'HIT',
462 verbose headers   'expect-ct': 'max-age=604800, report-uri="https://report-uri.cloudflare.com/cdn-cgi/beacon/expect-ct"',
462 verbose headers   'x-amz-replication-status': 'PENDING',
462 verbose headers   server: 'cloudflare' }
463 silly get cb [ 304,
463 silly get   { date: 'Fri, 29 Jul 2022 20:22:42 GMT',
463 silly get     connection: 'keep-alive',
463 silly get     'cf-ray': '73289171ddf2aaa0-DFW',
463 silly get     age: '105',
463 silly get     'cache-control': 'public, max-age=300',
463 silly get     etag: '"f55d7b4c7d2394148ead964d973f5c20"',
463 silly get     'last-modified': 'Thu, 21 Jul 2022 09:37:42 GMT',
463 silly get     vary: 'Accept-Encoding',
463 silly get     'cf-cache-status': 'HIT',
463 silly get     'expect-ct': 'max-age=604800, report-uri="https://report-uri.cloudflare.com/cdn-cgi/beacon/expect-ct"',
463 silly get     'x-amz-replication-status': 'PENDING',
463 silly get     server: 'cloudflare' } ]
464 verbose etag https://registry.npmjs.org/acorn from cache
465 verbose get saving acorn to /home/unixuser/.npm/registry.npmjs.org/acorn/.cache.json
466 http 304 https://registry.npmjs.org/webpack-sources
467 verbose headers { date: 'Fri, 29 Jul 2022 20:22:42 GMT',
467 verbose headers   connection: 'keep-alive',
467 verbose headers   'cf-ray': '73289171deff66fb-DFW',
467 verbose headers   age: '215',
467 verbose headers   'cache-control': 'public, max-age=300',
467 verbose headers   etag: '"10a114145c1682511d275fdacd0f3b4a"',
467 verbose headers   'last-modified': 'Wed, 29 Jun 2022 00:08:56 GMT',
467 verbose headers   vary: 'Accept-Encoding',
467 verbose headers   'cf-cache-status': 'HIT',
467 verbose headers   'expect-ct': 'max-age=604800, report-uri="https://report-uri.cloudflare.com/cdn-cgi/beacon/expect-ct"',
467 verbose headers   'x-amz-replication-status': 'PENDING',
467 verbose headers   server: 'cloudflare' }
468 silly get cb [ 304,
468 silly get   { date: 'Fri, 29 Jul 2022 20:22:42 GMT',
468 silly get     connection: 'keep-alive',
468 silly get     'cf-ray': '73289171deff66fb-DFW',
468 silly get     age: '215',
468 silly get     'cache-control': 'public, max-age=300',
468 silly get     etag: '"10a114145c1682511d275fdacd0f3b4a"',
468 silly get     'last-modified': 'Wed, 29 Jun 2022 00:08:56 GMT',
468 silly get     vary: 'Accept-Encoding',
468 silly get     'cf-cache-status': 'HIT',
468 silly get     'expect-ct': 'max-age=604800, report-uri="https://report-uri.cloudflare.com/cdn-cgi/beacon/expect-ct"',
468 silly get     'x-amz-replication-status': 'PENDING',
468 silly get     server: 'cloudflare' } ]
469 verbose etag https://registry.npmjs.org/webpack-sources from cache
470 verbose get saving webpack-sources to /home/unixuser/.npm/registry.npmjs.org/webpack-sources/.cache.json
471 http 304 https://registry.npmjs.org/eslint-scope
472 verbose headers { date: 'Fri, 29 Jul 2022 20:22:42 GMT',
472 verbose headers   connection: 'keep-alive',
472 verbose headers   'cf-ray': '73289171c8db2ed2-DFW',
472 verbose headers   age: '59',
472 verbose headers   'cache-control': 'public, max-age=300',
472 verbose headers   etag: '"f630448fdb6e268afa9ea6373708c880"',
472 verbose headers   'last-modified': 'Fri, 17 Jun 2022 20:46:00 GMT',
472 verbose headers   vary: 'Accept-Encoding',
472 verbose headers   'cf-cache-status': 'HIT',
472 verbose headers   'expect-ct': 'max-age=604800, report-uri="https://report-uri.cloudflare.com/cdn-cgi/beacon/expect-ct"',
472 verbose headers   'x-amz-replication-status': 'PENDING',
472 verbose headers   server: 'cloudflare' }
473 silly get cb [ 304,
473 silly get   { date: 'Fri, 29 Jul 2022 20:22:42 GMT',
473 silly get     connection: 'keep-alive',
473 silly get     'cf-ray': '73289171c8db2ed2-DFW',
473 silly get     age: '59',
473 silly get     'cache-control': 'public, max-age=300',
473 silly get     etag: '"f630448fdb6e268afa9ea6373708c880"',
473 silly get     'last-modified': 'Fri, 17 Jun 2022 20:46:00 GMT',
473 silly get     vary: 'Accept-Encoding',
473 silly get     'cf-cache-status': 'HIT',
473 silly get     'expect-ct': 'max-age=604800, report-uri="https://report-uri.cloudflare.com/cdn-cgi/beacon/expect-ct"',
473 silly get     'x-amz-replication-status': 'PENDING',
473 silly get     server: 'cloudflare' } ]
474 verbose etag https://registry.npmjs.org/eslint-scope from cache
475 verbose get saving eslint-scope to /home/unixuser/.npm/registry.npmjs.org/eslint-scope/.cache.json
476 http 304 https://registry.npmjs.org/schema-utils
477 verbose headers { date: 'Fri, 29 Jul 2022 20:22:42 GMT',
477 verbose headers   connection: 'keep-alive',
477 verbose headers   'cf-ray': '73289171d98d66ef-DFW',
477 verbose headers   age: '60',
477 verbose headers   'cache-control': 'public, max-age=300',
477 verbose headers   etag: '"219077198e9fb1c646f8755b98cc255a"',
477 verbose headers   'last-modified': 'Sun, 26 Jun 2022 16:31:16 GMT',
477 verbose headers   vary: 'Accept-Encoding',
477 verbose headers   'cf-cache-status': 'HIT',
477 verbose headers   'expect-ct': 'max-age=604800, report-uri="https://report-uri.cloudflare.com/cdn-cgi/beacon/expect-ct"',
477 verbose headers   'x-amz-replication-status': 'COMPLETED',
477 verbose headers   server: 'cloudflare' }
478 silly get cb [ 304,
478 silly get   { date: 'Fri, 29 Jul 2022 20:22:42 GMT',
478 silly get     connection: 'keep-alive',
478 silly get     'cf-ray': '73289171d98d66ef-DFW',
478 silly get     age: '60',
478 silly get     'cache-control': 'public, max-age=300',
478 silly get     etag: '"219077198e9fb1c646f8755b98cc255a"',
478 silly get     'last-modified': 'Sun, 26 Jun 2022 16:31:16 GMT',
478 silly get     vary: 'Accept-Encoding',
478 silly get     'cf-cache-status': 'HIT',
478 silly get     'expect-ct': 'max-age=604800, report-uri="https://report-uri.cloudflare.com/cdn-cgi/beacon/expect-ct"',
478 silly get     'x-amz-replication-status': 'COMPLETED',
478 silly get     server: 'cloudflare' } ]
479 verbose etag https://registry.npmjs.org/schema-utils from cache
480 verbose get saving schema-utils to /home/unixuser/.npm/registry.npmjs.org/schema-utils/.cache.json
481 http 304 https://registry.npmjs.org/es-module-lexer
482 verbose headers { date: 'Fri, 29 Jul 2022 20:22:42 GMT',
482 verbose headers   connection: 'keep-alive',
482 verbose headers   'cf-ray': '73289171eef4aa70-DFW',
482 verbose headers   age: '243',
482 verbose headers   'cache-control': 'public, max-age=300',
482 verbose headers   etag: '"715ea5bb62466c3ce1bc2a31306c24c6"',
482 verbose headers   'last-modified': 'Thu, 28 Jul 2022 01:49:58 GMT',
482 verbose headers   vary: 'Accept-Encoding',
482 verbose headers   'cf-cache-status': 'HIT',
482 verbose headers   'expect-ct': 'max-age=604800, report-uri="https://report-uri.cloudflare.com/cdn-cgi/beacon/expect-ct"',
482 verbose headers   'x-amz-replication-status': 'PENDING',
482 verbose headers   server: 'cloudflare' }
483 silly get cb [ 304,
483 silly get   { date: 'Fri, 29 Jul 2022 20:22:42 GMT',
483 silly get     connection: 'keep-alive',
483 silly get     'cf-ray': '73289171eef4aa70-DFW',
483 silly get     age: '243',
483 silly get     'cache-control': 'public, max-age=300',
483 silly get     etag: '"715ea5bb62466c3ce1bc2a31306c24c6"',
483 silly get     'last-modified': 'Thu, 28 Jul 2022 01:49:58 GMT',
483 silly get     vary: 'Accept-Encoding',
483 silly get     'cf-cache-status': 'HIT',
483 silly get     'expect-ct': 'max-age=604800, report-uri="https://report-uri.cloudflare.com/cdn-cgi/beacon/expect-ct"',
483 silly get     'x-amz-replication-status': 'PENDING',
483 silly get     server: 'cloudflare' } ]
484 verbose etag https://registry.npmjs.org/es-module-lexer from cache
485 verbose get saving es-module-lexer to /home/unixuser/.npm/registry.npmjs.org/es-module-lexer/.cache.json
486 http 304 https://registry.npmjs.org/tapable
487 verbose headers { date: 'Fri, 29 Jul 2022 20:22:42 GMT',
487 verbose headers   connection: 'keep-alive',
487 verbose headers   'cf-ray': '73289171de3cec76-DFW',
487 verbose headers   age: '282',
487 verbose headers   'cache-control': 'public, max-age=300',
487 verbose headers   etag: '"5a28bababd1ae305f77733c10a899da2"',
487 verbose headers   'last-modified': 'Mon, 27 Jun 2022 03:51:11 GMT',
487 verbose headers   vary: 'Accept-Encoding',
487 verbose headers   'cf-cache-status': 'HIT',
487 verbose headers   'expect-ct': 'max-age=604800, report-uri="https://report-uri.cloudflare.com/cdn-cgi/beacon/expect-ct"',
487 verbose headers   'x-amz-replication-status': 'PENDING',
487 verbose headers   server: 'cloudflare' }
488 silly get cb [ 304,
488 silly get   { date: 'Fri, 29 Jul 2022 20:22:42 GMT',
488 silly get     connection: 'keep-alive',
488 silly get     'cf-ray': '73289171de3cec76-DFW',
488 silly get     age: '282',
488 silly get     'cache-control': 'public, max-age=300',
488 silly get     etag: '"5a28bababd1ae305f77733c10a899da2"',
488 silly get     'last-modified': 'Mon, 27 Jun 2022 03:51:11 GMT',
488 silly get     vary: 'Accept-Encoding',
488 silly get     'cf-cache-status': 'HIT',
488 silly get     'expect-ct': 'max-age=604800, report-uri="https://report-uri.cloudflare.com/cdn-cgi/beacon/expect-ct"',
488 silly get     'x-amz-replication-status': 'PENDING',
488 silly get     server: 'cloudflare' } ]
489 verbose etag https://registry.npmjs.org/tapable from cache
490 verbose get saving tapable to /home/unixuser/.npm/registry.npmjs.org/tapable/.cache.json
491 http 304 https://registry.npmjs.org/glob-to-regexp
492 verbose headers { date: 'Fri, 29 Jul 2022 20:22:42 GMT',
492 verbose headers   connection: 'keep-alive',
492 verbose headers   'cf-ray': '73289171ef46aa5d-DFW',
492 verbose headers   age: '37',
492 verbose headers   'cache-control': 'public, max-age=300',
492 verbose headers   etag: '"17ba3a99c72274a1e9038c219ebfbadc"',
492 verbose headers   'last-modified': 'Sat, 18 Jun 2022 12:54:54 GMT',
492 verbose headers   vary: 'Accept-Encoding',
492 verbose headers   'cf-cache-status': 'HIT',
492 verbose headers   'expect-ct': 'max-age=604800, report-uri="https://report-uri.cloudflare.com/cdn-cgi/beacon/expect-ct"',
492 verbose headers   'x-amz-replication-status': 'PENDING',
492 verbose headers   server: 'cloudflare' }
493 silly get cb [ 304,
493 silly get   { date: 'Fri, 29 Jul 2022 20:22:42 GMT',
493 silly get     connection: 'keep-alive',
493 silly get     'cf-ray': '73289171ef46aa5d-DFW',
493 silly get     age: '37',
493 silly get     'cache-control': 'public, max-age=300',
493 silly get     etag: '"17ba3a99c72274a1e9038c219ebfbadc"',
493 silly get     'last-modified': 'Sat, 18 Jun 2022 12:54:54 GMT',
493 silly get     vary: 'Accept-Encoding',
493 silly get     'cf-cache-status': 'HIT',
493 silly get     'expect-ct': 'max-age=604800, report-uri="https://report-uri.cloudflare.com/cdn-cgi/beacon/expect-ct"',
493 silly get     'x-amz-replication-status': 'PENDING',
493 silly get     server: 'cloudflare' } ]
494 verbose etag https://registry.npmjs.org/glob-to-regexp from cache
495 verbose get saving glob-to-regexp to /home/unixuser/.npm/registry.npmjs.org/glob-to-regexp/.cache.json
496 http 304 https://registry.npmjs.org/@webassemblyjs%2fwasm-edit
497 verbose headers { date: 'Fri, 29 Jul 2022 20:22:42 GMT',
497 verbose headers   connection: 'keep-alive',
497 verbose headers   'cf-ray': '73289171deb39f12-DFW',
497 verbose headers   age: '225',
497 verbose headers   'cache-control': 'public, max-age=300',
497 verbose headers   etag: '"3f9e2228d1a6611afce7f7ccd77251c9"',
497 verbose headers   'last-modified': 'Sat, 02 Jul 2022 11:53:01 GMT',
497 verbose headers   vary: 'Accept-Encoding',
497 verbose headers   'cf-cache-status': 'HIT',
497 verbose headers   'expect-ct': 'max-age=604800, report-uri="https://report-uri.cloudflare.com/cdn-cgi/beacon/expect-ct"',
497 verbose headers   'x-amz-replication-status': 'PENDING',
497 verbose headers   server: 'cloudflare' }
498 silly get cb [ 304,
498 silly get   { date: 'Fri, 29 Jul 2022 20:22:42 GMT',
498 silly get     connection: 'keep-alive',
498 silly get     'cf-ray': '73289171deb39f12-DFW',
498 silly get     age: '225',
498 silly get     'cache-control': 'public, max-age=300',
498 silly get     etag: '"3f9e2228d1a6611afce7f7ccd77251c9"',
498 silly get     'last-modified': 'Sat, 02 Jul 2022 11:53:01 GMT',
498 silly get     vary: 'Accept-Encoding',
498 silly get     'cf-cache-status': 'HIT',
498 silly get     'expect-ct': 'max-age=604800, report-uri="https://report-uri.cloudflare.com/cdn-cgi/beacon/expect-ct"',
498 silly get     'x-amz-replication-status': 'PENDING',
498 silly get     server: 'cloudflare' } ]
499 verbose etag https://registry.npmjs.org/@webassemblyjs%2fwasm-edit from cache
500 verbose get saving @webassemblyjs/wasm-edit to /home/unixuser/.npm/registry.npmjs.org/_40webassemblyjs_252fwasm-edit/.cache.json
501 http 304 https://registry.npmjs.org/browserslist
502 verbose headers { date: 'Fri, 29 Jul 2022 20:22:42 GMT',
502 verbose headers   connection: 'keep-alive',
502 verbose headers   'cf-ray': '73289171de369edd-DFW',
502 verbose headers   age: '161',
502 verbose headers   'cache-control': 'public, max-age=300',
502 verbose headers   etag: '"38a5fc9886a3a09b5fcbf752c751acc4"',
502 verbose headers   'last-modified': 'Wed, 27 Jul 2022 09:22:45 GMT',
502 verbose headers   vary: 'Accept-Encoding',
502 verbose headers   'cf-cache-status': 'HIT',
502 verbose headers   'expect-ct': 'max-age=604800, report-uri="https://report-uri.cloudflare.com/cdn-cgi/beacon/expect-ct"',
502 verbose headers   'x-amz-replication-status': 'PENDING',
502 verbose headers   server: 'cloudflare' }
503 silly get cb [ 304,
503 silly get   { date: 'Fri, 29 Jul 2022 20:22:42 GMT',
503 silly get     connection: 'keep-alive',
503 silly get     'cf-ray': '73289171de369edd-DFW',
503 silly get     age: '161',
503 silly get     'cache-control': 'public, max-age=300',
503 silly get     etag: '"38a5fc9886a3a09b5fcbf752c751acc4"',
503 silly get     'last-modified': 'Wed, 27 Jul 2022 09:22:45 GMT',
503 silly get     vary: 'Accept-Encoding',
503 silly get     'cf-cache-status': 'HIT',
503 silly get     'expect-ct': 'max-age=604800, report-uri="https://report-uri.cloudflare.com/cdn-cgi/beacon/expect-ct"',
503 silly get     'x-amz-replication-status': 'PENDING',
503 silly get     server: 'cloudflare' } ]
504 verbose etag https://registry.npmjs.org/browserslist from cache
505 verbose get saving browserslist to /home/unixuser/.npm/registry.npmjs.org/browserslist/.cache.json
506 verbose get https://registry.npmjs.org/@types%2festree not expired, no request
507 silly addNameRange number 2 { name: '@types/estree',
507 silly addNameRange   range: '>=0.0.51 <0.0.52',
507 silly addNameRange   hasData: true }
508 silly addNameRange versions [ '@types/estree',
508 silly addNameRange   [ '0.0.15-alpha',
508 silly addNameRange     '0.0.16-alpha',
508 silly addNameRange     '0.0.21-alpha',
508 silly addNameRange     '0.0.22-alpha',
508 silly addNameRange     '0.0.23-alpha',
508 silly addNameRange     '0.0.24-alpha',
508 silly addNameRange     '0.0.25-alpha',
508 silly addNameRange     '0.0.26-alpha',
508 silly addNameRange     '0.0.27-alpha',
508 silly addNameRange     '0.0.28',
508 silly addNameRange     '0.0.29',
508 silly addNameRange     '0.0.30',
508 silly addNameRange     '0.0.31',
508 silly addNameRange     '0.0.32',
508 silly addNameRange     '0.0.33',
508 silly addNameRange     '0.0.34',
508 silly addNameRange     '0.0.35',
508 silly addNameRange     '0.0.36',
508 silly addNameRange     '0.0.37',
508 silly addNameRange     '0.0.38',
508 silly addNameRange     '0.0.39',
508 silly addNameRange     '0.0.40',
508 silly addNameRange     '0.0.41',
508 silly addNameRange     '0.0.42',
508 silly addNameRange     '0.0.43',
508 silly addNameRange     '0.0.44',
508 silly addNameRange     '0.0.45',
508 silly addNameRange     '0.0.46',
508 silly addNameRange     '0.0.47',
508 silly addNameRange     '0.0.48',
508 silly addNameRange     '0.0.49',
508 silly addNameRange     '0.0.50',
508 silly addNameRange     '0.0.51',
508 silly addNameRange     '0.0.52',
508 silly addNameRange     '1.0.0' ] ]
509 silly addNamed @types/estree@0.0.51
510 verbose addNamed "0.0.51" is a plain semver version for @types/estree
511 verbose get https://registry.npmjs.org/@webassemblyjs%2fwasm-parser not expired, no request
512 verbose get https://registry.npmjs.org/loader-runner not expired, no request
513 silly addNameRange number 2 { name: 'loader-runner', range: '>=4.2.0 <5.0.0', hasData: true }
514 silly addNameRange versions [ 'loader-runner',
514 silly addNameRange   [ '2.0.0',
514 silly addNameRange     '2.0.1',
514 silly addNameRange     '2.1.0',
514 silly addNameRange     '2.1.1',
514 silly addNameRange     '2.2.0',
514 silly addNameRange     '2.3.0',
514 silly addNameRange     '2.3.1',
514 silly addNameRange     '3.0.0',
514 silly addNameRange     '2.4.0',
514 silly addNameRange     '3.1.0',
514 silly addNameRange     '4.0.0',
514 silly addNameRange     '4.1.0',
514 silly addNameRange     '4.2.0',
514 silly addNameRange     '4.3.0' ] ]
515 silly addNamed loader-runner@4.3.0
516 verbose addNamed "4.3.0" is a plain semver version for loader-runner
517 silly resolveWithNewModule enhanced-resolve@5.10.0 checking installable status
518 silly cache add args [ 'enhanced-resolve@^5.10.0', null ]
519 verbose cache add spec enhanced-resolve@^5.10.0
520 silly cache add parsed spec Result {
520 silly cache add   raw: 'enhanced-resolve@^5.10.0',
520 silly cache add   scope: null,
520 silly cache add   name: 'enhanced-resolve',
520 silly cache add   rawSpec: '^5.10.0',
520 silly cache add   spec: '>=5.10.0 <6.0.0',
520 silly cache add   type: 'range' }
521 silly addNamed enhanced-resolve@>=5.10.0 <6.0.0
522 verbose addNamed ">=5.10.0 <6.0.0" is a valid semver range for enhanced-resolve
523 silly addNameRange { name: 'enhanced-resolve',
523 silly addNameRange   range: '>=5.10.0 <6.0.0',
523 silly addNameRange   hasData: false }
524 silly mapToRegistry name enhanced-resolve
525 silly mapToRegistry using default registry
526 silly mapToRegistry registry https://registry.npmjs.org/
527 silly mapToRegistry uri https://registry.npmjs.org/enhanced-resolve
528 verbose addNameRange registry:https://registry.npmjs.org/enhanced-resolve not in flight; fetching
529 silly resolveWithNewModule mime-types@2.1.35 checking installable status
530 silly cache add args [ 'mime-types@^2.1.27', null ]
531 verbose cache add spec mime-types@^2.1.27
532 silly cache add parsed spec Result {
532 silly cache add   raw: 'mime-types@^2.1.27',
532 silly cache add   scope: null,
532 silly cache add   name: 'mime-types',
532 silly cache add   rawSpec: '^2.1.27',
532 silly cache add   spec: '>=2.1.27 <3.0.0',
532 silly cache add   type: 'range' }
533 silly addNamed mime-types@>=2.1.27 <3.0.0
534 verbose addNamed ">=2.1.27 <3.0.0" is a valid semver range for mime-types
535 silly addNameRange { name: 'mime-types', range: '>=2.1.27 <3.0.0', hasData: false }
536 silly mapToRegistry name mime-types
537 silly mapToRegistry using default registry
538 silly mapToRegistry registry https://registry.npmjs.org/
539 silly mapToRegistry uri https://registry.npmjs.org/mime-types
540 verbose addNameRange registry:https://registry.npmjs.org/mime-types not in flight; fetching
541 silly resolveWithNewModule terser-webpack-plugin@5.3.3 checking installable status
542 silly cache add args [ 'terser-webpack-plugin@^5.1.3', null ]
543 verbose cache add spec terser-webpack-plugin@^5.1.3
544 silly cache add parsed spec Result {
544 silly cache add   raw: 'terser-webpack-plugin@^5.1.3',
544 silly cache add   scope: null,
544 silly cache add   name: 'terser-webpack-plugin',
544 silly cache add   rawSpec: '^5.1.3',
544 silly cache add   spec: '>=5.1.3 <6.0.0',
544 silly cache add   type: 'range' }
545 silly addNamed terser-webpack-plugin@>=5.1.3 <6.0.0
546 verbose addNamed ">=5.1.3 <6.0.0" is a valid semver range for terser-webpack-plugin
547 silly addNameRange { name: 'terser-webpack-plugin',
547 silly addNameRange   range: '>=5.1.3 <6.0.0',
547 silly addNameRange   hasData: false }
548 silly mapToRegistry name terser-webpack-plugin
549 silly mapToRegistry using default registry
550 silly mapToRegistry registry https://registry.npmjs.org/
551 silly mapToRegistry uri https://registry.npmjs.org/terser-webpack-plugin
552 verbose addNameRange registry:https://registry.npmjs.org/terser-webpack-plugin not in flight; fetching
553 silly resolveWithNewModule events@3.3.0 checking installable status
554 silly cache add args [ 'events@^3.2.0', null ]
555 verbose cache add spec events@^3.2.0
556 silly cache add parsed spec Result {
556 silly cache add   raw: 'events@^3.2.0',
556 silly cache add   scope: null,
556 silly cache add   name: 'events',
556 silly cache add   rawSpec: '^3.2.0',
556 silly cache add   spec: '>=3.2.0 <4.0.0',
556 silly cache add   type: 'range' }
557 silly addNamed events@>=3.2.0 <4.0.0
558 verbose addNamed ">=3.2.0 <4.0.0" is a valid semver range for events
559 silly addNameRange { name: 'events', range: '>=3.2.0 <4.0.0', hasData: false }
560 silly mapToRegistry name events
561 silly mapToRegistry using default registry
562 silly mapToRegistry registry https://registry.npmjs.org/
563 silly mapToRegistry uri https://registry.npmjs.org/events
564 verbose addNameRange registry:https://registry.npmjs.org/events not in flight; fetching
565 silly resolveWithNewModule neo-async@2.6.2 checking installable status
566 silly cache add args [ 'neo-async@^2.6.2', null ]
567 verbose cache add spec neo-async@^2.6.2
568 silly cache add parsed spec Result {
568 silly cache add   raw: 'neo-async@^2.6.2',
568 silly cache add   scope: null,
568 silly cache add   name: 'neo-async',
568 silly cache add   rawSpec: '^2.6.2',
568 silly cache add   spec: '>=2.6.2 <3.0.0',
568 silly cache add   type: 'range' }
569 silly addNamed neo-async@>=2.6.2 <3.0.0
570 verbose addNamed ">=2.6.2 <3.0.0" is a valid semver range for neo-async
571 silly addNameRange { name: 'neo-async', range: '>=2.6.2 <3.0.0', hasData: false }
572 silly mapToRegistry name neo-async
573 silly mapToRegistry using default registry
574 silly mapToRegistry registry https://registry.npmjs.org/
575 silly mapToRegistry uri https://registry.npmjs.org/neo-async
576 verbose addNameRange registry:https://registry.npmjs.org/neo-async not in flight; fetching
577 silly resolveWithNewModule acorn-import-assertions@1.8.0 checking installable status
578 silly cache add args [ 'acorn-import-assertions@^1.7.6', null ]
579 verbose cache add spec acorn-import-assertions@^1.7.6
580 silly cache add parsed spec Result {
580 silly cache add   raw: 'acorn-import-assertions@^1.7.6',
580 silly cache add   scope: null,
580 silly cache add   name: 'acorn-import-assertions',
580 silly cache add   rawSpec: '^1.7.6',
580 silly cache add   spec: '>=1.7.6 <2.0.0',
580 silly cache add   type: 'range' }
581 silly addNamed acorn-import-assertions@>=1.7.6 <2.0.0
582 verbose addNamed ">=1.7.6 <2.0.0" is a valid semver range for acorn-import-assertions
583 silly addNameRange { name: 'acorn-import-assertions',
583 silly addNameRange   range: '>=1.7.6 <2.0.0',
583 silly addNameRange   hasData: false }
584 silly mapToRegistry name acorn-import-assertions
585 silly mapToRegistry using default registry
586 silly mapToRegistry registry https://registry.npmjs.org/
587 silly mapToRegistry uri https://registry.npmjs.org/acorn-import-assertions
588 verbose addNameRange registry:https://registry.npmjs.org/acorn-import-assertions not in flight; fetching
589 silly resolveWithNewModule graceful-fs@4.2.10 checking installable status
590 silly cache add args [ 'graceful-fs@^4.2.9', null ]
591 verbose cache add spec graceful-fs@^4.2.9
592 silly cache add parsed spec Result {
592 silly cache add   raw: 'graceful-fs@^4.2.9',
592 silly cache add   scope: null,
592 silly cache add   name: 'graceful-fs',
592 silly cache add   rawSpec: '^4.2.9',
592 silly cache add   spec: '>=4.2.9 <5.0.0',
592 silly cache add   type: 'range' }
593 silly addNamed graceful-fs@>=4.2.9 <5.0.0
594 verbose addNamed ">=4.2.9 <5.0.0" is a valid semver range for graceful-fs
595 silly addNameRange { name: 'graceful-fs', range: '>=4.2.9 <5.0.0', hasData: false }
596 silly mapToRegistry name graceful-fs
597 silly mapToRegistry using default registry
598 silly mapToRegistry registry https://registry.npmjs.org/
599 silly mapToRegistry uri https://registry.npmjs.org/graceful-fs
600 verbose addNameRange registry:https://registry.npmjs.org/graceful-fs not in flight; fetching
601 silly resolveWithNewModule @webassemblyjs/ast@1.11.1 checking installable status
602 silly cache add args [ '@webassemblyjs/ast@1.11.1', null ]
603 verbose cache add spec @webassemblyjs/ast@1.11.1
604 silly cache add parsed spec Result {
604 silly cache add   raw: '@webassemblyjs/ast@1.11.1',
604 silly cache add   scope: '@webassemblyjs',
604 silly cache add   name: '@webassemblyjs/ast',
604 silly cache add   rawSpec: '1.11.1',
604 silly cache add   spec: '1.11.1',
604 silly cache add   type: 'version' }
605 silly addNamed @webassemblyjs/ast@1.11.1
606 verbose addNamed "1.11.1" is a plain semver version for @webassemblyjs/ast
607 silly mapToRegistry name @webassemblyjs/ast
608 silly mapToRegistry scope (from package name) @webassemblyjs
609 verbose mapToRegistry no registry URL found in name for scope @webassemblyjs
610 silly mapToRegistry using default registry
611 silly mapToRegistry registry https://registry.npmjs.org/
612 silly mapToRegistry uri https://registry.npmjs.org/@webassemblyjs%2fast
613 verbose addNameVersion registry:https://registry.npmjs.org/@webassemblyjs%2fast not in flight; fetching
614 silly resolveWithNewModule chrome-trace-event@1.0.3 checking installable status
615 silly cache add args [ 'chrome-trace-event@^1.0.2', null ]
616 verbose cache add spec chrome-trace-event@^1.0.2
617 silly cache add parsed spec Result {
617 silly cache add   raw: 'chrome-trace-event@^1.0.2',
617 silly cache add   scope: null,
617 silly cache add   name: 'chrome-trace-event',
617 silly cache add   rawSpec: '^1.0.2',
617 silly cache add   spec: '>=1.0.2 <2.0.0',
617 silly cache add   type: 'range' }
618 silly addNamed chrome-trace-event@>=1.0.2 <2.0.0
619 verbose addNamed ">=1.0.2 <2.0.0" is a valid semver range for chrome-trace-event
620 silly addNameRange { name: 'chrome-trace-event',
620 silly addNameRange   range: '>=1.0.2 <2.0.0',
620 silly addNameRange   hasData: false }
621 silly mapToRegistry name chrome-trace-event
622 silly mapToRegistry using default registry
623 silly mapToRegistry registry https://registry.npmjs.org/
624 silly mapToRegistry uri https://registry.npmjs.org/chrome-trace-event
625 verbose addNameRange registry:https://registry.npmjs.org/chrome-trace-event not in flight; fetching
626 silly resolveWithNewModule watchpack@2.4.0 checking installable status
627 silly cache add args [ 'watchpack@^2.4.0', null ]
628 verbose cache add spec watchpack@^2.4.0
629 silly cache add parsed spec Result {
629 silly cache add   raw: 'watchpack@^2.4.0',
629 silly cache add   scope: null,
629 silly cache add   name: 'watchpack',
629 silly cache add   rawSpec: '^2.4.0',
629 silly cache add   spec: '>=2.4.0 <3.0.0',
629 silly cache add   type: 'range' }
630 silly addNamed watchpack@>=2.4.0 <3.0.0
631 verbose addNamed ">=2.4.0 <3.0.0" is a valid semver range for watchpack
632 silly addNameRange { name: 'watchpack', range: '>=2.4.0 <3.0.0', hasData: false }
633 silly mapToRegistry name watchpack
634 silly mapToRegistry using default registry
635 silly mapToRegistry registry https://registry.npmjs.org/
636 silly mapToRegistry uri https://registry.npmjs.org/watchpack
637 verbose addNameRange registry:https://registry.npmjs.org/watchpack not in flight; fetching
638 silly resolveWithNewModule eslint-scope@5.1.1 checking installable status
639 silly cache add args [ 'eslint-scope@5.1.1', null ]
640 verbose cache add spec eslint-scope@5.1.1
641 silly cache add parsed spec Result {
641 silly cache add   raw: 'eslint-scope@5.1.1',
641 silly cache add   scope: null,
641 silly cache add   name: 'eslint-scope',
641 silly cache add   rawSpec: '5.1.1',
641 silly cache add   spec: '5.1.1',
641 silly cache add   type: 'version' }
642 silly addNamed eslint-scope@5.1.1
643 verbose addNamed "5.1.1" is a plain semver version for eslint-scope
644 silly mapToRegistry name eslint-scope
645 silly mapToRegistry using default registry
646 silly mapToRegistry registry https://registry.npmjs.org/
647 silly mapToRegistry uri https://registry.npmjs.org/eslint-scope
648 verbose addNameVersion registry:https://registry.npmjs.org/eslint-scope not in flight; fetching
649 silly resolveWithNewModule webpack-sources@3.2.3 checking installable status
650 silly cache add args [ 'webpack-sources@^3.2.3', null ]
651 verbose cache add spec webpack-sources@^3.2.3
652 silly cache add parsed spec Result {
652 silly cache add   raw: 'webpack-sources@^3.2.3',
652 silly cache add   scope: null,
652 silly cache add   name: 'webpack-sources',
652 silly cache add   rawSpec: '^3.2.3',
652 silly cache add   spec: '>=3.2.3 <4.0.0',
652 silly cache add   type: 'range' }
653 silly addNamed webpack-sources@>=3.2.3 <4.0.0
654 verbose addNamed ">=3.2.3 <4.0.0" is a valid semver range for webpack-sources
655 silly addNameRange { name: 'webpack-sources',
655 silly addNameRange   range: '>=3.2.3 <4.0.0',
655 silly addNameRange   hasData: false }
656 silly mapToRegistry name webpack-sources
657 silly mapToRegistry using default registry
658 silly mapToRegistry registry https://registry.npmjs.org/
659 silly mapToRegistry uri https://registry.npmjs.org/webpack-sources
660 verbose addNameRange registry:https://registry.npmjs.org/webpack-sources not in flight; fetching
661 silly resolveWithNewModule acorn@8.8.0 checking installable status
662 silly cache add args [ 'acorn@^8.7.1', null ]
663 verbose cache add spec acorn@^8.7.1
664 silly cache add parsed spec Result {
664 silly cache add   raw: 'acorn@^8.7.1',
664 silly cache add   scope: null,
664 silly cache add   name: 'acorn',
664 silly cache add   rawSpec: '^8.7.1',
664 silly cache add   spec: '>=8.7.1 <9.0.0',
664 silly cache add   type: 'range' }
665 silly addNamed acorn@>=8.7.1 <9.0.0
666 verbose addNamed ">=8.7.1 <9.0.0" is a valid semver range for acorn
667 silly addNameRange { name: 'acorn', range: '>=8.7.1 <9.0.0', hasData: false }
668 silly mapToRegistry name acorn
669 silly mapToRegistry using default registry
670 silly mapToRegistry registry https://registry.npmjs.org/
671 silly mapToRegistry uri https://registry.npmjs.org/acorn
672 verbose addNameRange registry:https://registry.npmjs.org/acorn not in flight; fetching
673 silly resolveWithNewModule schema-utils@3.1.1 checking installable status
674 silly cache add args [ 'schema-utils@^3.1.0', null ]
675 verbose cache add spec schema-utils@^3.1.0
676 silly cache add parsed spec Result {
676 silly cache add   raw: 'schema-utils@^3.1.0',
676 silly cache add   scope: null,
676 silly cache add   name: 'schema-utils',
676 silly cache add   rawSpec: '^3.1.0',
676 silly cache add   spec: '>=3.1.0 <4.0.0',
676 silly cache add   type: 'range' }
677 silly addNamed schema-utils@>=3.1.0 <4.0.0
678 verbose addNamed ">=3.1.0 <4.0.0" is a valid semver range for schema-utils
679 silly addNameRange { name: 'schema-utils', range: '>=3.1.0 <4.0.0', hasData: false }
680 silly mapToRegistry name schema-utils
681 silly mapToRegistry using default registry
682 silly mapToRegistry registry https://registry.npmjs.org/
683 silly mapToRegistry uri https://registry.npmjs.org/schema-utils
684 verbose addNameRange registry:https://registry.npmjs.org/schema-utils not in flight; fetching
685 verbose stack Error: Missing required argument #1
685 verbose stack     at andLogAndFinish (/usr/share/npm/lib/fetch-package-metadata.js:31:3)
685 verbose stack     at fetchPackageMetadata (/usr/share/npm/lib/fetch-package-metadata.js:51:22)
685 verbose stack     at resolveWithNewModule (/usr/share/npm/lib/install/deps.js:456:12)
685 verbose stack     at /usr/share/npm/lib/install/deps.js:457:7
685 verbose stack     at /usr/share/npm/node_modules/iferr/index.js:13:50
685 verbose stack     at /usr/share/npm/lib/fetch-package-metadata.js:37:12
685 verbose stack     at addRequestedAndFinish (/usr/share/npm/lib/fetch-package-metadata.js:82:5)
685 verbose stack     at returnAndAddMetadata (/usr/share/npm/lib/fetch-package-metadata.js:117:7)
685 verbose stack     at pickVersionFromRegistryDocument (/usr/share/npm/lib/fetch-package-metadata.js:134:20)
685 verbose stack     at /usr/share/npm/node_modules/iferr/index.js:13:50
686 verbose cwd /home/unixuser/portfolio
687 error Linux 5.10.16.3-microsoft-standard-WSL2
688 error argv "/usr/bin/node" "/usr/bin/npm" "install" "--save-dev" "webpack"
689 error node v8.10.0
690 error npm  v3.5.2
691 error code EMISSINGARG
692 error typeerror Error: Missing required argument #1
692 error typeerror     at andLogAndFinish (/usr/share/npm/lib/fetch-package-metadata.js:31:3)
692 error typeerror     at fetchPackageMetadata (/usr/share/npm/lib/fetch-package-metadata.js:51:22)
692 error typeerror     at resolveWithNewModule (/usr/share/npm/lib/install/deps.js:456:12)
692 error typeerror     at /usr/share/npm/lib/install/deps.js:457:7
692 error typeerror     at /usr/share/npm/node_modules/iferr/index.js:13:50
692 error typeerror     at /usr/share/npm/lib/fetch-package-metadata.js:37:12
692 error typeerror     at addRequestedAndFinish (/usr/share/npm/lib/fetch-package-metadata.js:82:5)
692 error typeerror     at returnAndAddMetadata (/usr/share/npm/lib/fetch-package-metadata.js:117:7)
692 error typeerror     at pickVersionFromRegistryDocument (/usr/share/npm/lib/fetch-package-metadata.js:134:20)
692 error typeerror     at /usr/share/npm/node_modules/iferr/index.js:13:50
693 error typeerror This is an error with npm itself. Please report this error at:
693 error typeerror     <http://github.com/npm/npm/issues>
694 verbose exit [ 1, true ]
